<?xml version="1.0" encoding="UTF-8"?>
<testsuite xmlns:xsi="http://www.w3.org/2001/XMLSchema-instance" xsi:noNamespaceSchemaLocation="https://maven.apache.org/surefire/maven-surefire-plugin/xsd/surefire-test-report.xsd" name="com.parkit.parkingsystem.integration.ParkingDataBaseIT" time="6.099" tests="3" errors="0" skipped="0" failures="1">
  <properties>
[...]
</properties>
  <testcase name="testParkingLotExitRecurringUser" classname="com.parkit.parkingsystem.integration.ParkingDataBaseIT" time="3.657">
    <failure message="expected: &lt;3&gt; but was: &lt;2&gt;" type="org.opentest4j.AssertionFailedError"><![CDATA[org.opentest4j.AssertionFailedError: expected: <3> but was: <2>
	at com.parkit.parkingsystem.integration.ParkingDataBaseIT.testParkingACar(ParkingDataBaseIT.java:98)
	at com.parkit.parkingsystem.integration.ParkingDataBaseIT.testParkingLotExitRecurringUser(ParkingDataBaseIT.java:141)
]]></failure>
    <system-out><![CDATA[2023-03-21 18:14:49 INFO  DataBaseTestConfig:14 - Create DB connection
2023-03-21 18:14:51 INFO  DataBaseTestConfig:24 - Closing DB connection
Please select vehicle type from menu
1 CAR
2 BIKE
2023-03-21 18:14:51 INFO  DataBaseTestConfig:14 - Create DB connection
2023-03-21 18:14:51 INFO  DataBaseTestConfig:46 - Closing Result Set
2023-03-21 18:14:51 INFO  DataBaseTestConfig:35 - Closing Prepared Statement
2023-03-21 18:14:51 INFO  DataBaseTestConfig:24 - Closing DB connection
Please type the vehicle registration number and press enter key
2023-03-21 18:14:51 INFO  DataBaseTestConfig:14 - Create DB connection
2023-03-21 18:14:51 INFO  DataBaseTestConfig:35 - Closing Prepared Statement
2023-03-21 18:14:51 INFO  DataBaseTestConfig:24 - Closing DB connection
2023-03-21 18:14:51 INFO  DataBaseTestConfig:14 - Create DB connection
2023-03-21 18:14:51 INFO  DataBaseTestConfig:24 - Closing DB connection
2023-03-21 18:14:51 INFO  DataBaseTestConfig:14 - Create DB connection
2023-03-21 18:14:51 INFO  DataBaseTestConfig:24 - Closing DB connection
Generated Ticket and saved in DB
Please park your vehicle in spot number:1
Recorded in-time for vehicle number:ABCDEF is:Tue Mar 21 18:14:51 GMT 2023
Please select vehicle type from menu
1 CAR
2 BIKE
2023-03-21 18:14:51 INFO  DataBaseTestConfig:14 - Create DB connection
2023-03-21 18:14:51 INFO  DataBaseTestConfig:46 - Closing Result Set
2023-03-21 18:14:51 INFO  DataBaseTestConfig:35 - Closing Prepared Statement
2023-03-21 18:14:51 INFO  DataBaseTestConfig:24 - Closing DB connection
Please type the vehicle registration number and press enter key
2023-03-21 18:14:51 INFO  DataBaseTestConfig:14 - Create DB connection
2023-03-21 18:14:51 INFO  DataBaseTestConfig:35 - Closing Prepared Statement
2023-03-21 18:14:51 INFO  DataBaseTestConfig:24 - Closing DB connection
2023-03-21 18:14:51 INFO  DataBaseTestConfig:14 - Create DB connection
2023-03-21 18:14:51 INFO  DataBaseTestConfig:24 - Closing DB connection
2023-03-21 18:14:51 INFO  DataBaseTestConfig:14 - Create DB connection
2023-03-21 18:14:51 INFO  DataBaseTestConfig:24 - Closing DB connection
Heureux de vous revoir ! En tant qu’utilisateur régulier de notre parking, vous allez obtenir une remise de 5%
Generated Ticket and saved in DB
Please park your vehicle in spot number:2
Recorded in-time for vehicle number:ABCDEF is:Tue Mar 21 18:14:51 GMT 2023
2023-03-21 18:14:51 INFO  DataBaseTestConfig:14 - Create DB connection
2023-03-21 18:14:51 INFO  DataBaseTestConfig:14 - Create DB connection
2023-03-21 18:14:51 INFO  DataBaseTestConfig:14 - Create DB connection
2023-03-21 18:14:51 INFO  DataBaseTestConfig:46 - Closing Result Set
2023-03-21 18:14:51 INFO  DataBaseTestConfig:35 - Closing Prepared Statement
2023-03-21 18:14:51 INFO  DataBaseTestConfig:24 - Closing DB connection
2023-03-21 18:14:51 INFO  DataBaseTestConfig:14 - Create DB connection
2023-03-21 18:14:51 INFO  DataBaseTestConfig:46 - Closing Result Set
2023-03-21 18:14:51 INFO  DataBaseTestConfig:35 - Closing Prepared Statement
2023-03-21 18:14:51 INFO  DataBaseTestConfig:24 - Closing DB connection
spot3
2023-03-21 18:14:51 INFO  DataBaseTestConfig:14 - Create DB connection
2023-03-21 18:14:51 INFO  DataBaseTestConfig:46 - Closing Result Set
2023-03-21 18:14:51 INFO  DataBaseTestConfig:35 - Closing Prepared Statement
2023-03-21 18:14:51 INFO  DataBaseTestConfig:24 - Closing DB connection
]]></system-out>
    <system-err><![CDATA[Exception : Name is null
]]></system-err>
  </testcase>
  <testcase name="testParkingLotExit" classname="com.parkit.parkingsystem.integration.ParkingDataBaseIT" time="0.948"/>
  <testcase name="testParkingACar" classname="com.parkit.parkingsystem.integration.ParkingDataBaseIT" time="0.56"/>
</testsuite>